[10-Sep-2019 01:44:47 UTC] PHP Parse error:  syntax error, unexpected '<', expecting end of file in phar:///usr/local/bin/wp/vendor/wp-cli/wp-cli/php/WP_CLI/SynopsisValidator.php on line 92
[10-Sep-2019 01:44:47 UTC] PHP Parse error:  syntax error, unexpected '<', expecting end of file in phar:///usr/local/bin/wp/vendor/wp-cli/wp-cli/php/WP_CLI/SynopsisValidator.php on line 92
[10-Sep-2019 02:23:25 UTC] PHP Parse error:  syntax error, unexpected 'while' (T_WHILE) in /app/public/wp-content/themes/Raumene-Theme/index.php on line 3
[10-Sep-2019 02:23:46 UTC] PHP Warning:  Use of undefined constant the_permalink - assumed 'the_permalink' (this will throw an Error in a future version of PHP) in /app/public/wp-content/themes/Raumene-Theme/index.php on line 5
[10-Sep-2019 02:25:56 UTC] PHP Warning:  Use of undefined constant the_permalink - assumed 'the_permalink' (this will throw an Error in a future version of PHP) in /app/public/wp-content/themes/Raumene-Theme/index.php on line 5
[10-Sep-2019 02:30:26 UTC] PHP Fatal error:  Uncaught ArgumentCountError: Too few arguments to function add_action(), 0 passed in /app/public/wp-content/themes/Raumene-Theme/functions.php on line 3 and at least 2 expected in /app/public/wp-includes/plugin.php:405
Stack trace:
#0 /app/public/wp-content/themes/Raumene-Theme/functions.php(3): add_action()
#1 /app/public/wp-settings.php(499): include('/app/public/wp-...')
#2 /app/public/wp-config.php(76): require_once('/app/public/wp-...')
#3 /app/public/wp-load.php(37): require_once('/app/public/wp-...')
#4 /app/public/wp-admin/admin-ajax.php(22): require_once('/app/public/wp-...')
#5 {main}
  thrown in /app/public/wp-includes/plugin.php on line 405
[10-Sep-2019 02:43:01 UTC] PHP Parse error:  syntax error, unexpected '}' in /app/public/wp-content/themes/Raumene-Theme/functions.php on line 6
[10-Sep-2019 02:43:23 UTC] PHP Parse error:  syntax error, unexpected '}' in /app/public/wp-content/themes/Raumene-Theme/functions.php on line 6
[10-Sep-2019 02:43:23 UTC] PHP Parse error:  syntax error, unexpected '}' in /app/public/wp-content/themes/Raumene-Theme/functions.php on line 6
[10-Sep-2019 02:43:25 UTC] PHP Parse error:  syntax error, unexpected '}' in /app/public/wp-content/themes/Raumene-Theme/functions.php on line 6
[10-Sep-2019 02:43:27 UTC] PHP Parse error:  syntax error, unexpected '}' in /app/public/wp-content/themes/Raumene-Theme/functions.php on line 6
[10-Sep-2019 02:43:29 UTC] PHP Parse error:  syntax error, unexpected '}' in /app/public/wp-content/themes/Raumene-Theme/functions.php on line 6
[10-Sep-2019 02:43:39 UTC] PHP Parse error:  syntax error, unexpected '}' in /app/public/wp-content/themes/Raumene-Theme/functions.php on line 6
[10-Sep-2019 02:43:54 UTC] PHP Parse error:  syntax error, unexpected '}' in /app/public/wp-content/themes/Raumene-Theme/functions.php on line 6
[10-Sep-2019 02:44:09 UTC] PHP Parse error:  syntax error, unexpected '}' in /app/public/wp-content/themes/Raumene-Theme/functions.php on line 6
[10-Sep-2019 02:44:24 UTC] PHP Parse error:  syntax error, unexpected '}' in /app/public/wp-content/themes/Raumene-Theme/functions.php on line 6
[10-Sep-2019 02:44:25 UTC] PHP Parse error:  syntax error, unexpected '}' in /app/public/wp-content/themes/Raumene-Theme/functions.php on line 6
[10-Sep-2019 02:44:26 UTC] PHP Parse error:  syntax error, unexpected '}' in /app/public/wp-content/themes/Raumene-Theme/functions.php on line 6
[10-Sep-2019 02:44:27 UTC] PHP Parse error:  syntax error, unexpected '}' in /app/public/wp-content/themes/Raumene-Theme/functions.php on line 6
[10-Sep-2019 03:47:30 UTC] PHP Parse error:  syntax error, unexpected 'add_theme_support' (T_STRING) in /app/public/wp-content/themes/Raumene-Theme/functions.php on line 13
[10-Sep-2019 03:47:30 UTC] PHP Parse error:  syntax error, unexpected 'add_theme_support' (T_STRING) in /app/public/wp-content/themes/Raumene-Theme/functions.php on line 13
[11-Sep-2019 01:27:07 UTC] PHP Parse error:  syntax error, unexpected 'is' (T_STRING) in /app/public/wp-content/themes/Raumene-Theme/index.php on line 3
[11-Sep-2019 01:36:52 UTC] PHP Fatal error:  Uncaught Error: Call to undefined function the_exerpt() in /app/public/wp-content/themes/Raumene-Theme/index.php:18
Stack trace:
#0 /app/public/wp-includes/template-loader.php(78): include()
#1 /app/public/wp-blog-header.php(19): require_once('/app/public/wp-...')
#2 /app/public/index.php(17): require('/app/public/wp-...')
#3 {main}
  thrown in /app/public/wp-content/themes/Raumene-Theme/index.php on line 18
